{"/home/iqbal/Documents/power-id/src/components/Banner/Banner.tsx": {"path":"/home/iqbal/Documents/power-id/src/components/Banner/Banner.tsx","statementMap":{"0":{"start":{"line":5,"column":20},"end":{"line":10,"column":1}},"1":{"start":{"line":11,"column":16},"end":{"line":19,"column":3}},"2":{"start":{"line":11,"column":44},"end":{"line":19,"column":1}},"3":{"start":{"line":21,"column":25},"end":{"line":37,"column":1}},"4":{"start":{"line":22,"column":2},"end":{"line":36,"column":4}}},"fnMap":{"0":{"name":"(anonymous_0)","decl":{"start":{"line":11,"column":28},"end":{"line":11,"column":29}},"loc":{"start":{"line":11,"column":44},"end":{"line":19,"column":1}},"line":11},"1":{"name":"(anonymous_1)","decl":{"start":{"line":21,"column":25},"end":{"line":21,"column":26}},"loc":{"start":{"line":21,"column":31},"end":{"line":37,"column":1}},"line":21}},"branchMap":{"0":{"loc":{"start":{"line":13,"column":4},"end":{"line":15,"column":30}},"type":"cond-expr","locations":[{"start":{"line":14,"column":8},"end":{"line":14,"column":32}},{"start":{"line":15,"column":8},"end":{"line":15,"column":30}}],"line":13}},"s":{"0":1,"1":1,"2":1,"3":1,"4":1},"f":{"0":1,"1":1},"b":{"0":[1,0]},"_coverageSchema":"1a1c01bbd47fc00a2c39e90264f33305004495a9","hash":"296bc58769f921757228f55f439f4ddc88bf190b"}
,"/home/iqbal/Documents/power-id/src/components/Typography/Typography.tsx": {"path":"/home/iqbal/Documents/power-id/src/components/Typography/Typography.tsx","statementMap":{"0":{"start":{"line":7,"column":19},"end":{"line":11,"column":1}},"1":{"start":{"line":7,"column":48},"end":{"line":7,"column":73}},"2":{"start":{"line":8,"column":27},"end":{"line":10,"column":3}},"3":{"start":{"line":13,"column":34},"end":{"line":15,"column":1}},"4":{"start":{"line":14,"column":2},"end":{"line":14,"column":48}}},"fnMap":{"0":{"name":"(anonymous_0)","decl":{"start":{"line":7,"column":26},"end":{"line":7,"column":27}},"loc":{"start":{"line":7,"column":48},"end":{"line":7,"column":73}},"line":7},"1":{"name":"(anonymous_1)","decl":{"start":{"line":8,"column":2},"end":{"line":8,"column":3}},"loc":{"start":{"line":8,"column":27},"end":{"line":10,"column":3}},"line":8},"2":{"name":"(anonymous_2)","decl":{"start":{"line":13,"column":34},"end":{"line":13,"column":35}},"loc":{"start":{"line":14,"column":2},"end":{"line":14,"column":48}},"line":14}},"branchMap":{},"s":{"0":1,"1":1,"2":1,"3":1,"4":1},"f":{"0":1,"1":1,"2":1},"b":{},"_coverageSchema":"1a1c01bbd47fc00a2c39e90264f33305004495a9","hash":"7da46d625744684b209631b1bc21fca499c1c5ba"}
,"/home/iqbal/Documents/power-id/src/configs/icons.ts": {"path":"/home/iqbal/Documents/power-id/src/configs/icons.ts","statementMap":{"0":{"start":{"line":6,"column":14},"end":{"line":11,"column":1}}},"fnMap":{},"branchMap":{},"s":{"0":1},"f":{},"b":{},"_coverageSchema":"1a1c01bbd47fc00a2c39e90264f33305004495a9","hash":"9ca621bd893489b4610bb60c0d88d8a3e447ad6b"}
,"/home/iqbal/Documents/power-id/src/configs/images.ts": {"path":"/home/iqbal/Documents/power-id/src/configs/images.ts","statementMap":{"0":{"start":{"line":9,"column":15},"end":{"line":17,"column":1}}},"fnMap":{},"branchMap":{},"s":{"0":1},"f":{},"b":{},"_coverageSchema":"1a1c01bbd47fc00a2c39e90264f33305004495a9","hash":"f30825592332db67e1d61d07fd001394a2f73dac"}
,"/home/iqbal/Documents/power-id/src/configs/index.ts": {"path":"/home/iqbal/Documents/power-id/src/configs/index.ts","statementMap":{"0":{"start":{"line":4,"column":19},"end":{"line":4,"column":25}},"1":{"start":{"line":5,"column":20},"end":{"line":5,"column":25}}},"fnMap":{},"branchMap":{},"s":{"0":1,"1":1},"f":{},"b":{},"_coverageSchema":"1a1c01bbd47fc00a2c39e90264f33305004495a9","hash":"b58d81b646002a4d476dbb6f5e4d737a66845478"}
,"/home/iqbal/Documents/power-id/src/utils/appTheme.ts": {"path":"/home/iqbal/Documents/power-id/src/utils/appTheme.ts","statementMap":{"0":{"start":{"line":2,"column":31},"end":{"line":76,"column":2}},"1":{"start":{"line":2,"column":55},"end":{"line":76,"column":1}}},"fnMap":{"0":{"name":"(anonymous_0)","decl":{"start":{"line":2,"column":31},"end":{"line":2,"column":32}},"loc":{"start":{"line":2,"column":55},"end":{"line":76,"column":1}},"line":2}},"branchMap":{"0":{"loc":{"start":{"line":5,"column":8},"end":{"line":74,"column":9}},"type":"cond-expr","locations":[{"start":{"line":6,"column":8},"end":{"line":40,"column":9}},{"start":{"line":41,"column":8},"end":{"line":74,"column":9}}],"line":5}},"s":{"0":1,"1":1},"f":{"0":1},"b":{"0":[1,0]},"_coverageSchema":"1a1c01bbd47fc00a2c39e90264f33305004495a9","hash":"5b63db13cb28f883e3bf9c792a076e631944b87b"}
,"/home/iqbal/Documents/power-id/src/utils/componentTheme.ts": {"path":"/home/iqbal/Documents/power-id/src/utils/componentTheme.ts","statementMap":{"0":{"start":{"line":3,"column":25},"end":{"line":160,"column":2}},"1":{"start":{"line":3,"column":44},"end":{"line":160,"column":1}}},"fnMap":{"0":{"name":"(anonymous_0)","decl":{"start":{"line":3,"column":25},"end":{"line":3,"column":26}},"loc":{"start":{"line":3,"column":44},"end":{"line":160,"column":1}},"line":3}},"branchMap":{},"s":{"0":1,"1":1},"f":{"0":1},"b":{},"_coverageSchema":"1a1c01bbd47fc00a2c39e90264f33305004495a9","hash":"11ae403dd4a3c7636f5b10bb849c5b0964de65bf"}
,"/home/iqbal/Documents/power-id/src/utils/index.ts": {"path":"/home/iqbal/Documents/power-id/src/utils/index.ts","statementMap":{"0":{"start":{"line":5,"column":30},"end":{"line":5,"column":45}},"1":{"start":{"line":6,"column":30},"end":{"line":6,"column":43}},"2":{"start":{"line":7,"column":31},"end":{"line":7,"column":44}}},"fnMap":{},"branchMap":{},"s":{"0":1,"1":1,"2":1},"f":{},"b":{},"_coverageSchema":"1a1c01bbd47fc00a2c39e90264f33305004495a9","hash":"a6686f3792116fff2d84857a2fefeacac4b0c8e8"}
,"/home/iqbal/Documents/power-id/src/utils/validateInput.ts": {"path":"/home/iqbal/Documents/power-id/src/utils/validateInput.ts","statementMap":{"0":{"start":{"line":2,"column":29},"end":{"line":53,"column":1}},"1":{"start":{"line":3,"column":2},"end":{"line":50,"column":3}},"2":{"start":{"line":4,"column":4},"end":{"line":13,"column":5}},"3":{"start":{"line":5,"column":6},"end":{"line":5,"column":33}},"4":{"start":{"line":6,"column":11},"end":{"line":13,"column":5}},"5":{"start":{"line":8,"column":8},"end":{"line":8,"column":163}},"6":{"start":{"line":9,"column":6},"end":{"line":11,"column":7}},"7":{"start":{"line":10,"column":8},"end":{"line":10,"column":38}},"8":{"start":{"line":12,"column":6},"end":{"line":12,"column":13}},"9":{"start":{"line":14,"column":9},"end":{"line":50,"column":3}},"10":{"start":{"line":15,"column":4},"end":{"line":28,"column":5}},"11":{"start":{"line":16,"column":6},"end":{"line":16,"column":36}},"12":{"start":{"line":18,"column":6},"end":{"line":20,"column":7}},"13":{"start":{"line":19,"column":8},"end":{"line":19,"column":61}},"14":{"start":{"line":21,"column":6},"end":{"line":23,"column":7}},"15":{"start":{"line":22,"column":8},"end":{"line":22,"column":65}},"16":{"start":{"line":24,"column":6},"end":{"line":26,"column":7}},"17":{"start":{"line":25,"column":8},"end":{"line":25,"column":64}},"18":{"start":{"line":27,"column":6},"end":{"line":27,"column":13}},"19":{"start":{"line":29,"column":9},"end":{"line":50,"column":3}},"20":{"start":{"line":30,"column":4},"end":{"line":33,"column":6}},"21":{"start":{"line":31,"column":22},"end":{"line":31,"column":45}},"22":{"start":{"line":34,"column":9},"end":{"line":50,"column":3}},"23":{"start":{"line":35,"column":29},"end":{"line":35,"column":35}},"24":{"start":{"line":37,"column":4},"end":{"line":39,"column":5}},"25":{"start":{"line":38,"column":6},"end":{"line":38,"column":36}},"26":{"start":{"line":40,"column":9},"end":{"line":50,"column":3}},"27":{"start":{"line":41,"column":43},"end":{"line":41,"column":49}},"28":{"start":{"line":43,"column":4},"end":{"line":49,"column":5}},"29":{"start":{"line":44,"column":6},"end":{"line":48,"column":7}},"30":{"start":{"line":45,"column":8},"end":{"line":45,"column":23}},"31":{"start":{"line":47,"column":8},"end":{"line":47,"column":36}},"32":{"start":{"line":52,"column":2},"end":{"line":52,"column":9}}},"fnMap":{"0":{"name":"(anonymous_0)","decl":{"start":{"line":2,"column":29},"end":{"line":2,"column":30}},"loc":{"start":{"line":2,"column":61},"end":{"line":53,"column":1}},"line":2},"1":{"name":"(anonymous_1)","decl":{"start":{"line":31,"column":6},"end":{"line":31,"column":7}},"loc":{"start":{"line":31,"column":22},"end":{"line":31,"column":45}},"line":31}},"branchMap":{"0":{"loc":{"start":{"line":3,"column":2},"end":{"line":50,"column":3}},"type":"if","locations":[{"start":{"line":3,"column":2},"end":{"line":50,"column":3}},{"start":{"line":14,"column":9},"end":{"line":50,"column":3}}],"line":3},"1":{"loc":{"start":{"line":4,"column":4},"end":{"line":13,"column":5}},"type":"if","locations":[{"start":{"line":4,"column":4},"end":{"line":13,"column":5}},{"start":{"line":6,"column":11},"end":{"line":13,"column":5}}],"line":4},"2":{"loc":{"start":{"line":6,"column":11},"end":{"line":13,"column":5}},"type":"if","locations":[{"start":{"line":6,"column":11},"end":{"line":13,"column":5}},{"start":{},"end":{}}],"line":6},"3":{"loc":{"start":{"line":9,"column":6},"end":{"line":11,"column":7}},"type":"if","locations":[{"start":{"line":9,"column":6},"end":{"line":11,"column":7}},{"start":{},"end":{}}],"line":9},"4":{"loc":{"start":{"line":14,"column":9},"end":{"line":50,"column":3}},"type":"if","locations":[{"start":{"line":14,"column":9},"end":{"line":50,"column":3}},{"start":{"line":29,"column":9},"end":{"line":50,"column":3}}],"line":14},"5":{"loc":{"start":{"line":15,"column":4},"end":{"line":28,"column":5}},"type":"if","locations":[{"start":{"line":15,"column":4},"end":{"line":28,"column":5}},{"start":{"line":17,"column":11},"end":{"line":28,"column":5}}],"line":15},"6":{"loc":{"start":{"line":18,"column":6},"end":{"line":20,"column":7}},"type":"if","locations":[{"start":{"line":18,"column":6},"end":{"line":20,"column":7}},{"start":{},"end":{}}],"line":18},"7":{"loc":{"start":{"line":21,"column":6},"end":{"line":23,"column":7}},"type":"if","locations":[{"start":{"line":21,"column":6},"end":{"line":23,"column":7}},{"start":{},"end":{}}],"line":21},"8":{"loc":{"start":{"line":24,"column":6},"end":{"line":26,"column":7}},"type":"if","locations":[{"start":{"line":24,"column":6},"end":{"line":26,"column":7}},{"start":{},"end":{}}],"line":24},"9":{"loc":{"start":{"line":29,"column":9},"end":{"line":50,"column":3}},"type":"if","locations":[{"start":{"line":29,"column":9},"end":{"line":50,"column":3}},{"start":{"line":34,"column":9},"end":{"line":50,"column":3}}],"line":29},"10":{"loc":{"start":{"line":31,"column":22},"end":{"line":31,"column":45}},"type":"cond-expr","locations":[{"start":{"line":31,"column":27},"end":{"line":31,"column":40}},{"start":{"line":31,"column":44},"end":{"line":31,"column":45}}],"line":31},"11":{"loc":{"start":{"line":34,"column":9},"end":{"line":50,"column":3}},"type":"if","locations":[{"start":{"line":34,"column":9},"end":{"line":50,"column":3}},{"start":{"line":40,"column":9},"end":{"line":50,"column":3}}],"line":34},"12":{"loc":{"start":{"line":37,"column":4},"end":{"line":39,"column":5}},"type":"if","locations":[{"start":{"line":37,"column":4},"end":{"line":39,"column":5}},{"start":{},"end":{}}],"line":37},"13":{"loc":{"start":{"line":40,"column":9},"end":{"line":50,"column":3}},"type":"if","locations":[{"start":{"line":40,"column":9},"end":{"line":50,"column":3}},{"start":{},"end":{}}],"line":40},"14":{"loc":{"start":{"line":43,"column":4},"end":{"line":49,"column":5}},"type":"if","locations":[{"start":{"line":43,"column":4},"end":{"line":49,"column":5}},{"start":{},"end":{}}],"line":43},"15":{"loc":{"start":{"line":44,"column":6},"end":{"line":48,"column":7}},"type":"if","locations":[{"start":{"line":44,"column":6},"end":{"line":48,"column":7}},{"start":{"line":46,"column":13},"end":{"line":48,"column":7}}],"line":44}},"s":{"0":1,"1":0,"2":0,"3":0,"4":0,"5":0,"6":0,"7":0,"8":0,"9":0,"10":0,"11":0,"12":0,"13":0,"14":0,"15":0,"16":0,"17":0,"18":0,"19":0,"20":0,"21":0,"22":0,"23":0,"24":0,"25":0,"26":0,"27":0,"28":0,"29":0,"30":0,"31":0,"32":0},"f":{"0":0,"1":0},"b":{"0":[0,0],"1":[0,0],"2":[0,0],"3":[0,0],"4":[0,0],"5":[0,0],"6":[0,0],"7":[0,0],"8":[0,0],"9":[0,0],"10":[0,0],"11":[0,0],"12":[0,0],"13":[0,0],"14":[0,0],"15":[0,0]},"_coverageSchema":"1a1c01bbd47fc00a2c39e90264f33305004495a9","hash":"a2d557938323681b835b8eac4f0dea94a57d2fbf"}
}
